\BOOKMARK [0][-]{chapter.1}{\376\377\000I\000n\000t\000r\000o\000d\000u\000c\000t\000i\000o\000n}{}% 1
\BOOKMARK [0][-]{chapter.2}{\376\377\000B\000a\000c\000k\000g\000r\000o\000u\000n\000d}{}% 2
\BOOKMARK [0][-]{chapter.3}{\376\377\000O\000v\000e\000r\000v\000i\000e\000w\000\040\000o\000f\000\040\000N\000e\000t\000c\000o\000n\000f}{}% 3
\BOOKMARK [1][-]{section.3.1}{\376\377\000N\000e\000t\000w\000o\000r\000k\000\040\000C\000o\000n\000f\000i\000g\000u\000r\000a\000t\000i\000o\000n\000\040\000P\000r\000o\000t\000o\000c\000o\000l\000\040\000\050\000N\000E\000T\000C\000O\000N\000F\000\051}{chapter.3}% 4
\BOOKMARK [1][-]{section.3.2}{\376\377\000Y\000A\000N\000G}{chapter.3}% 5
\BOOKMARK [1][-]{section.3.3}{\376\377\000X\000M\000L}{chapter.3}% 6
\BOOKMARK [1][-]{section.3.4}{\376\377\000R\000P\000C}{chapter.3}% 7
\BOOKMARK [0][-]{chapter.4}{\376\377\000I\000m\000p\000l\000e\000m\000e\000n\000t\000a\000t\000i\000o\000n}{}% 8
\BOOKMARK [1][-]{section.4.1}{\376\377\000G\000N\000S\000-\0003}{chapter.4}% 9
\BOOKMARK [2][-]{subsection.4.1.1}{\376\377\000A\000p\000p\000l\000i\000a\000n\000c\000e\000s}{section.4.1}% 10
\BOOKMARK [1][-]{section.4.2}{\376\377\000C\000o\000n\000f\000i\000g\000u\000r\000e\000\040\000D\000H\000C\000P}{chapter.4}% 11
\BOOKMARK [2][-]{subsection.4.2.1}{\376\377\000D\000y\000n\000a\000m\000i\000c\000\040\000H\000o\000s\000t\000\040\000C\000o\000n\000f\000i\000g\000u\000r\000a\000t\000i\000o\000n\000\040\000P\000r\000o\000t\000o\000c\000o\000l\000\040\000\050\000D\000H\000C\000P\000\051}{section.4.2}% 12
\BOOKMARK [2][-]{subsection.4.2.2}{\376\377\000D\000H\000C\000P\000\040\000c\000o\000n\000f\000i\000g\000u\000r\000a\000t\000i\000o\000n\000\040\000o\000n\000\040\000C\000i\000s\000c\000o\000\040\000r\000o\000u\000t\000e\000r\000:}{section.4.2}% 13
\BOOKMARK [1][-]{section.4.3}{\376\377\000E\000n\000a\000b\000l\000i\000n\000g\000\040\000N\000E\000T\000C\000O\000N\000G\000-\000Y\000A\000N\000G}{chapter.4}% 14
\BOOKMARK [1][-]{section.4.4}{\376\377\000S\000S\000H\000\040\000c\000o\000n\000n\000e\000c\000t\000i\000o\000n\000\040\000e\000s\000t\000a\000b\000l\000i\000s\000h\000m\000e\000n\000t}{chapter.4}% 15
\BOOKMARK [2][-]{subsection.4.4.1}{\376\377\000S\000e\000c\000u\000r\000e\000\040\000S\000H\000e\000l\000l\000\040\000\050\000S\000S\000H\000\051}{section.4.4}% 16
\BOOKMARK [2][-]{subsection.4.4.2}{\376\377\000E\000s\000t\000a\000b\000l\000i\000s\000h\000i\000n\000g\000\040\000a\000n\000\040\000S\000S\000H\000\040\000c\000o\000n\000n\000e\000c\000t\000i\000o\000n\000\040\000b\000e\000t\000w\000e\000e\000n\000\040\000t\000h\000e\000\040\000r\000o\000u\000t\000e\000r\000\040\000a\000n\000\040\000h\000o\000s\000t}{section.4.4}% 17
\BOOKMARK [2][-]{subsection.4.4.3}{\376\377\000R\000e\000s\000u\000l\000t}{section.4.4}% 18
\BOOKMARK [0][-]{chapter.5}{\376\377\000C\000o\000n\000f\000i\000g\000u\000r\000i\000n\000g\000\040\000N\000e\000t\000w\000o\000r\000k\000s\000\040\000w\000i\000t\000h\000\040\000N\000E\000T\000C\000O\000N\000F}{}% 19
\BOOKMARK [1][-]{section.5.1}{\376\377\000N\000E\000T\000C\000O\000N\000F\000\040\000b\000a\000s\000e\000\040\000o\000p\000e\000r\000a\000t\000i\000o\000n\000s}{chapter.5}% 20
\BOOKMARK [1][-]{section.5.2}{\376\377\000P\000y\000t\000h\000o\000n\000\040\000A\000u\000t\000o\000m\000a\000t\000i\000o\000n}{chapter.5}% 21
\BOOKMARK [2][-]{subsection.5.2.1}{\376\377\000P\000y\000t\000h\000o\000n\000\040\000c\000o\000d\000e\000\040\000s\000t\000r\000u\000c\000t\000u\000r\000e}{section.5.2}% 22
